Start testing: May 04 19:14 CEST
----------------------------------------------------------
1/4 Testing: kfilter_driver_smoketest
1/4 Test: kfilter_driver_smoketest
Command: "/home/martin/build/kfilter_chatgpt/patched/build/kfilter_driver_smoketest"
Directory: /home/martin/build/kfilter_chatgpt/patched/build
"kfilter_driver_smoketest" start time: May 04 19:14 CEST
Output:
----------------------------------------------------------
Qt6 driver smoke test
Rdc=5.6
Sound active=0
Impedance[0]=5.6046
<end of output>
Test time =   0.00 sec
----------------------------------------------------------
Test Passed.
"kfilter_driver_smoketest" end time: May 04 19:14 CEST
"kfilter_driver_smoketest" time elapsed: 00:00:00
----------------------------------------------------------

2/4 Testing: kfilter_projectio_smoketest
2/4 Test: kfilter_projectio_smoketest
Command: "/home/martin/build/kfilter_chatgpt/patched/build/kfilter_projectio_smoketest"
Directory: /home/martin/build/kfilter_chatgpt/patched/build
"kfilter_projectio_smoketest" start time: May 04 19:14 CEST
Output:
----------------------------------------------------------
KFilterProjectIo round-trip smoke test passed
<end of output>
Test time =   0.00 sec
----------------------------------------------------------
Test Passed.
"kfilter_projectio_smoketest" end time: May 04 19:14 CEST
"kfilter_projectio_smoketest" time elapsed: 00:00:00
----------------------------------------------------------

3/4 Testing: kfilter_doc_smoketest
3/4 Test: kfilter_doc_smoketest
Command: "/home/martin/build/kfilter_chatgpt/patched/build/kfilter_doc_smoketest"
Directory: /home/martin/build/kfilter_chatgpt/patched/build
"kfilter_doc_smoketest" start time: May 04 19:14 CEST
Output:
----------------------------------------------------------
KFilterDoc document smoke test passed
<end of output>
Test time =   0.00 sec
----------------------------------------------------------
Test Passed.
"kfilter_doc_smoketest" end time: May 04 19:14 CEST
"kfilter_doc_smoketest" time elapsed: 00:00:00
----------------------------------------------------------

4/4 Testing: kfilter_defaults_smoketest
4/4 Test: kfilter_defaults_smoketest
Command: "/home/martin/build/kfilter_chatgpt/patched/build/kfilter_defaults_smoketest"
Directory: /home/martin/build/kfilter_chatgpt/patched/build
"kfilter_defaults_smoketest" start time: May 04 19:14 CEST
Output:
----------------------------------------------------------
Historical default regression smoke test passed
<end of output>
Test time =   0.00 sec
----------------------------------------------------------
Test Passed.
"kfilter_defaults_smoketest" end time: May 04 19:14 CEST
"kfilter_defaults_smoketest" time elapsed: 00:00:00
----------------------------------------------------------

End testing: May 04 19:14 CEST
